20230423	00:20:29	3099470c-b209-431e-83c8-2b9fade3dc6a	undefined: undefined	undefined	undefined
20230423	00:21:06	f90ea823-6067-4d53-95e5-9d1102459cb9	undefined: undefined	undefined	undefined
20230423	03:55:35	7ceb9f5a-90b2-43bd-8f3b-c0b7a047ca36	undefined: undefined	undefined	undefined
20230424	09:44:37	8de71de1-a0e0-42b3-8b67-77fdd2129c08	undefined: undefined	undefined	undefined
20230424	09:47:49	95038345-5524-4165-90e3-89e46de3785e	undefined: undefined	undefined	undefined
20230424	09:50:49	4e76ea11-03a0-4cf0-9e53-0c4dabd011f4	undefined: undefined	undefined	undefined
20230424	09:57:05	a37b4846-7fce-4ea3-9c9a-d8e81f20070b	undefined: undefined	undefined	undefined
20230612	17:17:41	ef537efa-94a1-47de-b615-b4d534bdd13d	undefined: EREFUSED	querySrv	_mongodb._tcp.cluster0.2muryjl.mongodb.net
20230612	17:18:41	2378a961-7784-41c1-a276-f532aa3a6fa1	undefined: EREFUSED	querySrv	_mongodb._tcp.cluster0.2muryjl.mongodb.net
20230612	20:10:23	e1ac5a58-3a07-4ecf-ab5c-ec6a9c16c00c	undefined: ETIMEOUT	queryTxt	cluster0.2muryjl.mongodb.net
20230613	16:21:37	34d0c3d6-efcc-45ec-b129-a64cc13dfee8	undefined: EREFUSED	querySrv	_mongodb._tcp.cluster0.2muryjl.mongodb.net
20230613	16:22:12	d79e6568-f00b-472e-9b3b-fc1f1103865c	undefined: EREFUSED	querySrv	_mongodb._tcp.cluster0.2muryjl.mongodb.net
20230613	16:22:51	81cce73e-4473-47d3-ba06-67594a1dae2a	undefined: EREFUSED	querySrv	_mongodb._tcp.cluster0.2muryjl.mongodb.net
20230613	16:32:00	3e678296-a23a-4f26-bef7-61699925994e	undefined: undefined	undefined	undefined
20230615	10:25:35	c916ffc7-c408-485d-bf98-cc39bb95b7dd	undefined: ETIMEOUT	querySrv	_mongodb._tcp.cluster0.2muryjl.mongodb.net
20230623	22:59:01	49eb1bc5-f7e0-4fd9-b9c6-bca0f6ebd147	undefined: EREFUSED	querySrv	_mongodb._tcp.cluster0.2muryjl.mongodb.net
20230623	22:59:13	88491bb6-39b5-4490-9bb9-de5017a55fa2	undefined: EREFUSED	querySrv	_mongodb._tcp.cluster0.2muryjl.mongodb.net
20230623	23:04:28	d7a99ce6-3b5e-4d44-887d-eb5de51dad6c	undefined: EREFUSED	querySrv	_mongodb._tcp.cluster0.2muryjl.mongodb.net
20230623	23:04:56	51efdb1f-37e6-43cd-bbe8-0bdec14412cb	undefined: EREFUSED	querySrv	_mongodb._tcp.cluster0.2muryjl.mongodb.net
20230623	23:05:27	2669a437-da53-451d-94c0-6528523b2cd1	undefined: EREFUSED	querySrv	_mongodb._tcp.cluster0.2muryjl.mongodb.net
20230623	23:18:33	dda78674-f9a8-4f99-81ad-d1c3b8015fea	undefined: EREFUSED	querySrv	_mongodb._tcp.cluster0.2muryjl.mongodb.net
20230623	23:21:49	b800d44d-d03f-4a76-8a63-59ec53b032f0	undefined: EREFUSED	querySrv	_mongodb._tcp.cluster0.2muryjl.mongodb.net
20230623	23:25:48	683e2f25-2cc6-4e8e-ba6a-83c78199eb51	undefined: EREFUSED	querySrv	_mongodb._tcp.cluster0.2muryjl.mongodb.net
20230623	23:30:09	ac60cfb9-fed3-483e-a3c8-35d47187aac1	undefined: EREFUSED	querySrv	_mongodb._tcp.cluster0.2muryjl.mongodb.net
20230623	23:30:25	4cd5d88a-7228-4ced-8268-309ca5ab6913	undefined: EREFUSED	querySrv	_mongodb._tcp.cluster0.2muryjl.mongodb.net
20230623	23:32:15	5524d34e-ede7-4499-8323-ab547690626a	undefined: EREFUSED	querySrv	_mongodb._tcp.cluster0.2muryjl.mongodb.net
20230623	23:37:38	e8c16a90-4291-4e1f-ad0e-524ee0aac031	undefined: EREFUSED	querySrv	_mongodb._tcp.cluster0.2muryjl.mongodb.net
20230623	23:37:51	fb1396f1-f4bd-41e5-b3ea-0f6402f517c6	undefined: EREFUSED	querySrv	_mongodb._tcp.cluster0.2muryjl.mongodb.net
20230623	23:42:54	21306fba-cf21-4c07-bda0-5d88a52352d4	undefined: EREFUSED	querySrv	_mongodb._tcp.cluster0.2muryjl.mongodb.net
20230623	23:48:31	789d006d-615d-4c4f-b6f4-bae6f55a2bfd	undefined: EREFUSED	querySrv	_mongodb._tcp.cluster0.2muryjl.mongodb.net
20230623	23:49:25	78fc08d7-c634-4cd2-a6e5-b57c1381e24e	undefined: EREFUSED	querySrv	_mongodb._tcp.cluster0.2muryjl.mongodb.net
20230623	23:49:52	1e3c0a65-4932-4988-a3da-cf95d74ed970	undefined: EREFUSED	querySrv	_mongodb._tcp.cluster0.2muryjl.mongodb.net
20230623	23:51:25	b31386ce-1b01-47a9-99f7-e304570f8a74	undefined: EREFUSED	querySrv	_mongodb._tcp.cluster0.2muryjl.mongodb.net
20230623	23:55:47	b548271c-6e8b-4339-a328-cb5b1f6379d3	undefined: EREFUSED	querySrv	_mongodb._tcp.cluster0.2muryjl.mongodb.net
20230623	23:57:31	eff6c008-0e7f-46e7-ac40-0b91ed0464cf	undefined: EREFUSED	querySrv	_mongodb._tcp.cluster0.2muryjl.mongodb.net
20230623	23:57:56	6567db4a-f710-4fa6-9cce-eaf9d19dc8c7	undefined: EREFUSED	querySrv	_mongodb._tcp.cluster0.2muryjl.mongodb.net
20230623	23:58:04	f99a9ed1-d4f8-4d46-946e-514f5ac52cb6	undefined: EREFUSED	querySrv	_mongodb._tcp.cluster0.2muryjl.mongodb.net
20230623	23:58:18	c97b59d0-2dea-4b07-923b-8412d34c497f	undefined: EREFUSED	querySrv	_mongodb._tcp.cluster0.2muryjl.mongodb.net
20230624	00:02:38	8122557d-86c7-448b-ba6d-969a88845623	undefined: EREFUSED	querySrv	_mongodb._tcp.cluster0.2muryjl.mongodb.net
20230624	00:03:13	4b2848c8-d044-4f99-a6af-039c839a8d16	undefined: EREFUSED	querySrv	_mongodb._tcp.cluster0.2muryjl.mongodb.net
20230624	00:03:37	9cc88deb-306e-4165-b0c3-8eb7bf5dd611	undefined: EREFUSED	querySrv	_mongodb._tcp.cluster0.2muryjl.mongodb.net
20230624	00:20:23	5abf8c53-7f6b-4544-8c86-6dfabd18e41d	undefined: EREFUSED	querySrv	_mongodb._tcp.cluster0.2muryjl.mongodb.net
20230624	00:22:37	54e08855-7488-428e-8419-9d79da429b0c	undefined: EREFUSED	querySrv	_mongodb._tcp.cluster0.2muryjl.mongodb.net
20230624	18:54:57	add25174-9149-44ff-809a-6eca4b04b4b6	undefined: ETIMEOUT	querySrv	_mongodb._tcp.cluster0.2muryjl.mongodb.net
20230624	19:09:00	979ec978-e375-4505-99a2-8bac9f8abd10	undefined: EREFUSED	querySrv	_mongodb._tcp.cluster0.2muryjl.mongodb.net
20230624	19:09:25	fc10dcbb-dd6f-469b-95f6-3b67eb8747d2	undefined: EREFUSED	querySrv	_mongodb._tcp.cluster0.2muryjl.mongodb.net
20230624	19:27:19	ed9dc5b4-8ee3-4f02-b3a9-3edb2303780b	undefined: EREFUSED	querySrv	_mongodb._tcp.cluster0.2muryjl.mongodb.net
20230624	19:28:14	27fb52a2-f8b7-4564-8f4c-3a7cd06a23fb	undefined: EREFUSED	querySrv	_mongodb._tcp.cluster0.2muryjl.mongodb.net
20230624	19:30:29	9bd6617d-bd78-4529-a541-d57c15b88d95	undefined: EREFUSED	querySrv	_mongodb._tcp.cluster0.2muryjl.mongodb.net
20230624	19:30:54	b4b71c15-30fd-46de-9289-5fa1d5d531db	undefined: EREFUSED	querySrv	_mongodb._tcp.cluster0.2muryjl.mongodb.net
20230624	19:34:57	1eeda5ca-b249-4a0b-a30b-562768533e50	undefined: EREFUSED	querySrv	_mongodb._tcp.cluster0.2muryjl.mongodb.net
20230624	19:36:06	fa43eb10-65f6-4257-8909-c9eca8acd538	undefined: EREFUSED	querySrv	_mongodb._tcp.cluster0.2muryjl.mongodb.net
20230624	20:26:22	83366b82-fd52-4520-9923-4a90ca226ec8	undefined: EREFUSED	querySrv	_mongodb._tcp.cluster0.2muryjl.mongodb.net
